D:\PROJECT\BT\DFUWIZARD\DEBUG\EMPLOYMENT.PCH
D:\PROJECT\BT\DFUWIZARD\DEBUG\STDAFX.OBJ
D:\PROJECT\BT\DFUWIZARD\DEBUG\VC110.PDB
D:\PROJECT\BT\DFUWIZARD\DEBUG\DFUWIZARDAPP.OBJ
D:\PROJECT\BT\DFUWIZARD\DEBUG\INTROPAGE.OBJ
D:\PROJECT\BT\DFUWIZARD\DEBUG\DFUAPPL.OBJ
D:\PROJECT\BT\DFUWIZARD\DEBUG\DFUWIZARDAPP.ILK
D:\PROJECT\BT\DFUWIZARD\DEBUG\DFUWIZARDAPP.EXE
D:\PROJECT\BT\DFUWIZARD\DEBUG\DFUWIZARDAPP.PDB
D:\PROJECT\BT\DFUWIZARD\DEBUG\DFUWIZARDAPP.RES
D:\Project\BT\dfuwizard\Debug\DFUAppl.obj
D:\Project\BT\dfuwizard\Debug\DFUWizardApp.obj
D:\Project\BT\dfuwizard\Debug\IntroPage.obj
D:\Project\BT\dfuwizard\Debug\StdAfx.obj
D:\Project\BT\dfuwizard\Debug\DFUWizardApp.ilk
D:\Project\BT\dfuwizard\Debug\cl.command.1.tlog
D:\Project\BT\dfuwizard\Debug\CL.read.1.tlog
D:\Project\BT\dfuwizard\Debug\CL.write.1.tlog
D:\Project\BT\dfuwizard\Debug\link-cvtres.read.1.tlog
D:\Project\BT\dfuwizard\Debug\link-cvtres.write.1.tlog
D:\Project\BT\dfuwizard\Debug\link-mt.read.1.tlog
D:\Project\BT\dfuwizard\Debug\link-mt.write.1.tlog
D:\Project\BT\dfuwizard\Debug\link-rc.read.1.tlog
D:\Project\BT\dfuwizard\Debug\link-rc.write.1.tlog
D:\Project\BT\dfuwizard\Debug\link.command.1.tlog
D:\Project\BT\dfuwizard\Debug\link.read.1.tlog
D:\Project\BT\dfuwizard\Debug\link.write.1.tlog
D:\Project\BT\dfuwizard\Debug\rc.command.1.tlog
D:\Project\BT\dfuwizard\Debug\rc.read.1.tlog
D:\Project\BT\dfuwizard\Debug\rc.write.1.tlog
D:\Project\BT\dfuwizard\Debug\DFUWizardApp.res
D:\Project\BT\dfuwizard\Debug\Employment.pch
D:\Project\BT\dfuwizard\Debug\vc110.idb
D:\Project\BT\dfuwizard\Debug\DFUWizardApp.pdb
D:\Project\BT\dfuwizard\Debug\vc110.pdb
D:\Project\BT\dfuwizard\.\Debug\DFUWizardApp.exe
